[debug] [2023-11-14T09:03:29.051Z] ----------------------------------------------------------------------
[debug] [2023-11-14T09:03:29.055Z] Command:       C:\Program Files\nodejs\node.exe C:\Users\bivas\AppData\Roaming\npm\node_modules\firebase-tools\lib\bin\firebase.js init
[debug] [2023-11-14T09:03:29.056Z] CLI Version:   12.8.1
[debug] [2023-11-14T09:03:29.056Z] Platform:      win32
[debug] [2023-11-14T09:03:29.056Z] Node Version:  v21.0.0
[debug] [2023-11-14T09:03:29.056Z] Time:          Tue Nov 14 2023 14:33:29 GMT+0530 (India Standard Time)
[debug] [2023-11-14T09:03:29.057Z] ----------------------------------------------------------------------
[debug] 
[debug] [2023-11-14T09:03:29.068Z] > command requires scopes: ["email","openid","https://www.googleapis.com/auth/cloudplatformprojects.readonly","https://www.googleapis.com/auth/firebase","https://www.googleapis.com/auth/cloud-platform"]
[debug] [2023-11-14T09:03:29.069Z] > authorizing via signed-in user (banglacastore@gmail.com)
[info] 
     ######## #### ########  ######## ########     ###     ######  ########
     ##        ##  ##     ## ##       ##     ##  ##   ##  ##       ##
     ######    ##  ########  ######   ########  #########  ######  ######
     ##        ##  ##    ##  ##       ##     ## ##     ##       ## ##
     ##       #### ##     ## ######## ########  ##     ##  ######  ########

You're about to initialize a Firebase project in this directory:

  E:\Software\Game\nodjsfolder\project\bus_project

[info] 
=== Project Setup
[info] 
[info] First, let's associate this project directory with a Firebase project.
[info] You can create multiple project aliases by running firebase use --add, 
[info] but for now we'll just set up a default project.
[info] 
[debug] [2023-11-14T09:04:08.298Z] > refreshing access token with scopes: []
[debug] [2023-11-14T09:04:08.302Z] >>> [apiv2][query] POST https://www.googleapis.com/oauth2/v3/token [none]
[debug] [2023-11-14T09:04:08.302Z] >>> [apiv2][body] POST https://www.googleapis.com/oauth2/v3/token [omitted]
[debug] [2023-11-14T09:04:08.875Z] <<< [apiv2][status] POST https://www.googleapis.com/oauth2/v3/token 200
[debug] [2023-11-14T09:04:08.875Z] <<< [apiv2][body] POST https://www.googleapis.com/oauth2/v3/token [omitted]
[debug] [2023-11-14T09:04:08.894Z] >>> [apiv2][query] GET https://firebase.googleapis.com/v1beta1/projects pageSize=100
[debug] [2023-11-14T09:04:09.960Z] <<< [apiv2][status] GET https://firebase.googleapis.com/v1beta1/projects 200
[debug] [2023-11-14T09:04:09.961Z] <<< [apiv2][body] GET https://firebase.googleapis.com/v1beta1/projects [omitted]
[info] i  Using project nodejs-9957e (nodejs) 
[info] 
=== Internalframeworks Setup
[info] i  First we need a few details to create your service. 
[info] +  Region set to us-central1. 
[info] 
=== Deploy Setup
